2026.04.09 14:08:08 INFO  Started: Metals version 1.6.7 in folders 'C:\Users\Manou\Documents\Inge\INGE2\Docker\TP1_Docker' for client Visual Studio Code 1.115.0.
2026.04.09 14:08:08 INFO  Memory monitor started
2026.04.09 14:08:10 WARN  Using H2 2.4.240 which is newer than the version Flyway has been verified with. The latest verified version of H2 is 2.3.232.
2026.04.09 14:08:15 INFO  no build target found for C:\Users\Manou\Documents\Inge\INGE2\Docker\TP1_Docker\src\test\java\hello\hello\sayHelloTest.java. Using fallback presentation compiler.
2026.04.09 14:08:15 WARN  no build target for: C:\Users\Manou\Documents\Inge\INGE2\Docker\TP1_Docker\src\test\java\hello\hello\sayHelloTest.java
2026.04.09 14:08:18 INFO  no build target found for C:\Users\Manou\Documents\Inge\INGE2\Docker\TP1_Docker\src\test\java\hello\hello\HelloApplicationTests.java. Using fallback presentation compiler.
2026.04.09 14:08:18 WARN  no build target for: C:\Users\Manou\Documents\Inge\INGE2\Docker\TP1_Docker\src\test\java\hello\hello\HelloApplicationTests.java
2026.04.09 14:09:28 INFO  no build target found for C:\Users\Manou\Documents\Inge\INGE2\Docker\TP1_Docker\src\test\java\hello\hello\sayHelloTest.java. Using fallback presentation compiler.
2026.04.09 14:09:28 WARN  no build target for: C:\Users\Manou\Documents\Inge\INGE2\Docker\TP1_Docker\src\test\java\hello\hello\sayHelloTest.java
2026.04.09 14:09:51 INFO  no build target found for C:\Users\Manou\Documents\Inge\INGE2\Docker\TP1_Docker\src\test\java\hello\hello\sayHelloTest.java. Using fallback presentation compiler.
2026.04.09 14:09:51 WARN  no build target for: C:\Users\Manou\Documents\Inge\INGE2\Docker\TP1_Docker\src\test\java\hello\hello\sayHelloTest.java
2026.04.09 14:10:40 INFO  no build target found for C:\Users\Manou\Documents\Inge\INGE2\Docker\TP1_Docker\src\test\java\hello\hello\HelloApplicationTests.java. Using fallback presentation compiler.
2026.04.09 14:10:40 INFO  no build target found for C:\Users\Manou\Documents\Inge\INGE2\Docker\TP1_Docker\src\test\java\hello\hello\HelloApplicationTests.java. Using fallback presentation compiler.
2026.04.09 14:10:52 WARN  no build target for: C:\Users\Manou\Documents\Inge\INGE2\Docker\TP1_Docker\src\test\java\hello\hello\sayHelloTest.java
2026.04.09 14:10:52 WARN  no build target for: C:\Users\Manou\Documents\Inge\INGE2\Docker\TP1_Docker\src\test\java\hello\hello\HelloApplicationTests.java
2026.04.09 14:11:02 INFO  no build target found for C:\Users\Manou\Documents\Inge\INGE2\Docker\TP1_Docker\src\main\java\hello\hello\HelloApplication.java. Using fallback presentation compiler.
2026.04.09 14:11:02 INFO  no build target found for C:\Users\Manou\Documents\Inge\INGE2\Docker\TP1_Docker\src\main\java\hello\hello\sayHello.java. Using fallback presentation compiler.
2026.04.09 14:11:20 INFO  no build target found for C:\Users\Manou\Documents\Inge\INGE2\Docker\TP1_Docker\src\test\java\hello\hello\sayHelloTest.java. Using fallback presentation compiler.
2026.04.09 14:11:21 WARN  no build target for: C:\Users\Manou\Documents\Inge\INGE2\Docker\TP1_Docker\src\test\java\hello\hello\sayHelloTest.java
avr. 09, 2026 2:11:21 PM org.eclipse.lsp4j.jsonrpc.RemoteEndpoint handleCancellation
WARNING: Unmatched cancel notification for request id 3
2026.04.09 14:11:20 INFO  no build target found for C:\Users\Manou\Documents\Inge\INGE2\Docker\TP1_Docker\src\test\java\hello\hello\sayHelloTest.java. Using fallback presentation compiler.
2026.04.09 14:11:21 INFO  no build target found for C:\Users\Manou\Documents\Inge\INGE2\Docker\TP1_Docker\src\test\java\hello\hello\sayHelloTest.java. Using fallback presentation compiler.
2026.04.09 14:11:20 INFO  no build target found for C:\Users\Manou\Documents\Inge\INGE2\Docker\TP1_Docker\src\test\java\hello\hello\sayHelloTest.java. Using fallback presentation compiler.
2026.04.09 14:11:21 INFO  no build target found for C:\Users\Manou\Documents\Inge\INGE2\Docker\TP1_Docker\src\test\java\hello\hello\sayHelloTest.java. Using fallback presentation compiler.
2026.04.09 14:11:31 INFO  no build target found for C:\Users\Manou\Documents\Inge\INGE2\Docker\TP1_Docker\src\test\java\hello\hello\sayHelloTest.java. Using fallback presentation compiler.
2026.04.09 14:11:37 INFO  no build target found for C:\Users\Manou\Documents\Inge\INGE2\Docker\TP1_Docker\src\test\java\hello\hello\HelloApplicationTests.java. Using fallback presentation compiler.
2026.04.09 14:11:38 WARN  no build target for: C:\Users\Manou\Documents\Inge\INGE2\Docker\TP1_Docker\src\test\java\hello\hello\HelloApplicationTests.java
2026.04.09 14:11:37 INFO  no build target found for C:\Users\Manou\Documents\Inge\INGE2\Docker\TP1_Docker\src\test\java\hello\hello\HelloApplicationTests.java. Using fallback presentation compiler.
2026.04.09 14:11:38 INFO  no build target found for C:\Users\Manou\Documents\Inge\INGE2\Docker\TP1_Docker\src\test\java\hello\hello\HelloApplicationTests.java. Using fallback presentation compiler.
2026.04.09 14:11:50 INFO  no build target found for C:\Users\Manou\Documents\Inge\INGE2\Docker\TP1_Docker\src\test\java\hello\hello\sayHelloTest.java. Using fallback presentation compiler.
2026.04.09 14:11:50 WARN  no build target for: C:\Users\Manou\Documents\Inge\INGE2\Docker\TP1_Docker\src\test\java\hello\hello\sayHelloTest.java
2026.04.09 14:11:50 INFO  no build target found for C:\Users\Manou\Documents\Inge\INGE2\Docker\TP1_Docker\src\test\java\hello\hello\sayHelloTest.java. Using fallback presentation compiler.
2026.04.09 14:11:50 INFO  no build target found for C:\Users\Manou\Documents\Inge\INGE2\Docker\TP1_Docker\src\test\java\hello\hello\sayHelloTest.java. Using fallback presentation compiler.
2026.04.09 14:11:55 INFO  no build target found for C:\Users\Manou\Documents\Inge\INGE2\Docker\TP1_Docker\src\test\java\hello\hello\sayHelloTest.java. Using fallback presentation compiler.
2026.04.09 14:11:56 INFO  no build target found for C:\Users\Manou\Documents\Inge\INGE2\Docker\TP1_Docker\src\test\java\hello\hello\HelloApplicationTests.java. Using fallback presentation compiler.
2026.04.09 14:11:56 WARN  no build target for: C:\Users\Manou\Documents\Inge\INGE2\Docker\TP1_Docker\src\test\java\hello\hello\HelloApplicationTests.java
2026.04.09 14:11:56 INFO  no build target found for C:\Users\Manou\Documents\Inge\INGE2\Docker\TP1_Docker\src\test\java\hello\hello\HelloApplicationTests.java. Using fallback presentation compiler.
2026.04.09 14:11:56 INFO  no build target found for C:\Users\Manou\Documents\Inge\INGE2\Docker\TP1_Docker\src\test\java\hello\hello\HelloApplicationTests.java. Using fallback presentation compiler.
2026.04.09 14:12:09 INFO  no build target found for C:\Users\Manou\Documents\Inge\INGE2\Docker\TP1_Docker\src\test\java\hello\hello\HelloApplicationTests.java. Using fallback presentation compiler.
2026.04.09 14:12:09 WARN  no build target for: C:\Users\Manou\Documents\Inge\INGE2\Docker\TP1_Docker\src\test\java\hello\hello\HelloApplicationTests.java
2026.04.09 14:12:09 INFO  no build target found for C:\Users\Manou\Documents\Inge\INGE2\Docker\TP1_Docker\src\test\java\hello\hello\HelloApplicationTests.java. Using fallback presentation compiler.
2026.04.09 14:12:09 INFO  no build target found for C:\Users\Manou\Documents\Inge\INGE2\Docker\TP1_Docker\src\test\java\hello\hello\HelloApplicationTests.java. Using fallback presentation compiler.
2026.04.09 14:12:10 INFO  no build target found for C:\Users\Manou\Documents\Inge\INGE2\Docker\TP1_Docker\src\test\java\hello\hello\sayHelloTest.java. Using fallback presentation compiler.
2026.04.09 14:12:10 WARN  no build target for: C:\Users\Manou\Documents\Inge\INGE2\Docker\TP1_Docker\src\test\java\hello\hello\sayHelloTest.java
2026.04.09 14:12:10 INFO  no build target found for C:\Users\Manou\Documents\Inge\INGE2\Docker\TP1_Docker\src\test\java\hello\hello\sayHelloTest.java. Using fallback presentation compiler.
2026.04.09 14:12:10 INFO  no build target found for C:\Users\Manou\Documents\Inge\INGE2\Docker\TP1_Docker\src\test\java\hello\hello\sayHelloTest.java. Using fallback presentation compiler.
2026.04.09 14:12:10 INFO  no build target found for C:\Users\Manou\Documents\Inge\INGE2\Docker\TP1_Docker\src\test\java\hello\hello\sayHelloTest.java. Using fallback presentation compiler.
2026.04.09 14:13:13 INFO  no build target found for C:\Users\Manou\Documents\Inge\INGE2\Docker\TP1_Docker\src\test\java\hello\hello\sayHelloTest.java. Using fallback presentation compiler.
2026.04.09 14:13:13 INFO  no build target found for C:\Users\Manou\Documents\Inge\INGE2\Docker\TP1_Docker\src\test\java\hello\hello\HelloApplicationTests.java. Using fallback presentation compiler.
2026.04.09 14:13:13 WARN  no build target for: C:\Users\Manou\Documents\Inge\INGE2\Docker\TP1_Docker\src\test\java\hello\hello\HelloApplicationTests.java
2026.04.09 14:13:14 INFO  no build target found for C:\Users\Manou\Documents\Inge\INGE2\Docker\TP1_Docker\src\test\java\hello\hello\HelloApplicationTests.java. Using fallback presentation compiler.
2026.04.09 14:13:13 INFO  no build target found for C:\Users\Manou\Documents\Inge\INGE2\Docker\TP1_Docker\src\test\java\hello\hello\HelloApplicationTests.java. Using fallback presentation compiler.
2026.04.09 14:13:16 INFO  no build target found for C:\Users\Manou\Documents\Inge\INGE2\Docker\TP1_Docker\src\test\java\hello\hello\HelloApplicationTests.java. Using fallback presentation compiler.
2026.04.09 14:13:16 INFO  no build target found for C:\Users\Manou\Documents\Inge\INGE2\Docker\TP1_Docker\src\test\java\hello\hello\HelloApplicationTests.java. Using fallback presentation compiler.
2026.04.09 14:13:18 INFO  no build target found for C:\Users\Manou\Documents\Inge\INGE2\Docker\TP1_Docker\src\test\java\hello\hello\HelloApplicationTests.java. Using fallback presentation compiler.
2026.04.09 14:14:03 INFO  Shutting down server
2026.04.09 14:14:03 INFO  Memory monitor stopped
2026.04.09 14:14:03 INFO  shutting down Metals
2026.04.09 14:14:03 INFO  Exiting server
2026.04.09 14:14:03 ERROR Unexpected error initializing server: 
org.eclipse.lsp4j.jsonrpc.ResponseErrorException: Request window/showMessageRequest failed with message: Canceled
	at org.eclipse.lsp4j.jsonrpc.RemoteEndpoint.handleResponse(RemoteEndpoint.java:214)
	at org.eclipse.lsp4j.jsonrpc.RemoteEndpoint.consume(RemoteEndpoint.java:198)
	at org.eclipse.lsp4j.jsonrpc.json.StreamMessageProducer.handleMessage(StreamMessageProducer.java:189)
	at org.eclipse.lsp4j.jsonrpc.json.StreamMessageProducer.listen(StreamMessageProducer.java:97)
	at org.eclipse.lsp4j.jsonrpc.json.ConcurrentMessageProcessor.run(ConcurrentMessageProcessor.java:97)
	at java.util.concurrent.Executors$RunnableAdapter.call(Executors.java:545)
	at java.util.concurrent.FutureTask.run(FutureTask.java:328)
	at java.util.concurrent.ThreadPoolExecutor.runWorker(ThreadPoolExecutor.java:1090)
	at java.util.concurrent.ThreadPoolExecutor$Worker.run(ThreadPoolExecutor.java:614)
	at java.lang.Thread.run(Thread.java:1474)

2026.04.09 14:17:36 INFO  Started: Metals version 1.6.7 in folders 'C:\Users\Manou\Documents\Inge\INGE2\Docker\TP1_Docker' for client Visual Studio Code 1.115.0.
2026.04.09 14:17:37 INFO  Memory monitor started
2026.04.09 14:17:39 WARN  Using H2 2.4.240 which is newer than the version Flyway has been verified with. The latest verified version of H2 is 2.3.232.
2026.04.09 14:17:43 WARN  no build target for: C:\Users\Manou\Documents\Inge\INGE2\Docker\TP1_Docker\src\test\java\hello\hello\HelloApplicationTests.java
2026.04.09 14:17:43 WARN  no build target for: C:\Users\Manou\Documents\Inge\INGE2\Docker\TP1_Docker\src\test\java\hello\hello\sayHelloTest.java
avr. 09, 2026 2:18:14 PM org.eclipse.lsp4j.jsonrpc.services.GenericEndpoint notify
INFO: Unsupported notification method: $/setTrace
2026.04.09 14:18:37 INFO  Shutting down server
2026.04.09 14:18:37 INFO  Memory monitor stopped
2026.04.09 14:18:37 INFO  shutting down Metals
2026.04.09 14:18:37 INFO  Exiting server
2026.04.09 14:20:58 INFO  Started: Metals version 1.6.7 in folders 'C:\Users\Manou\Documents\Inge\INGE2\Docker\TP1_Docker' for client Visual Studio Code 1.115.0.
2026.04.09 14:20:58 INFO  Memory monitor started
2026.04.09 14:20:59 WARN  Using H2 2.4.240 which is newer than the version Flyway has been verified with. The latest verified version of H2 is 2.3.232.
2026.04.09 14:20:59 INFO  no build target found for C:\Users\Manou\Documents\Inge\INGE2\Docker\TP1_Docker\src\main\java\hello\hello\sayHello.java. Using fallback presentation compiler.
2026.04.09 14:21:00 INFO  no build target found for C:\Users\Manou\Documents\Inge\INGE2\Docker\TP1_Docker\src\main\java\hello\hello\sayHello.java. Using fallback presentation compiler.
2026.04.09 14:21:06 INFO  no build target found for C:\Users\Manou\Documents\Inge\INGE2\Docker\TP1_Docker\src\main\java\hello\hello\sayHello.java. Using fallback presentation compiler.
2026.04.09 14:21:06 INFO  no build target found for C:\Users\Manou\Documents\Inge\INGE2\Docker\TP1_Docker\src\test\java\hello\hello\sayHelloTest.java. Using fallback presentation compiler.
2026.04.09 14:21:06 INFO  no build target found for C:\Users\Manou\Documents\Inge\INGE2\Docker\TP1_Docker\src\test\java\hello\hello\sayHelloTest.java. Using fallback presentation compiler.
2026.04.09 14:21:06 INFO  no build target found for C:\Users\Manou\Documents\Inge\INGE2\Docker\TP1_Docker\src\test\java\hello\hello\sayHelloTest.java. Using fallback presentation compiler.
2026.04.09 14:21:07 INFO  no build target found for C:\Users\Manou\Documents\Inge\INGE2\Docker\TP1_Docker\src\test\java\hello\hello\sayHelloTest.java. Using fallback presentation compiler.
2026.04.09 14:21:10 INFO  no build target found for C:\Users\Manou\Documents\Inge\INGE2\Docker\TP1_Docker\src\test\java\hello\hello\sayHelloTest.java. Using fallback presentation compiler.
2026.04.09 14:21:10 INFO  no build target found for C:\Users\Manou\Documents\Inge\INGE2\Docker\TP1_Docker\src\test\java\hello\hello\HelloApplicationTests.java. Using fallback presentation compiler.
2026.04.09 14:21:11 INFO  no build target found for C:\Users\Manou\Documents\Inge\INGE2\Docker\TP1_Docker\src\test\java\hello\hello\HelloApplicationTests.java. Using fallback presentation compiler.
2026.04.09 14:21:10 INFO  no build target found for C:\Users\Manou\Documents\Inge\INGE2\Docker\TP1_Docker\src\test\java\hello\hello\HelloApplicationTests.java. Using fallback presentation compiler.
2026.04.09 14:21:12 INFO  no build target found for C:\Users\Manou\Documents\Inge\INGE2\Docker\TP1_Docker\src\test\java\hello\hello\HelloApplicationTests.java. Using fallback presentation compiler.
2026.04.09 14:21:12 INFO  no build target found for C:\Users\Manou\Documents\Inge\INGE2\Docker\TP1_Docker\src\test\java\hello\hello\sayHelloTest.java. Using fallback presentation compiler.
2026.04.09 14:21:12 INFO  no build target found for C:\Users\Manou\Documents\Inge\INGE2\Docker\TP1_Docker\src\test\java\hello\hello\sayHelloTest.java. Using fallback presentation compiler.
2026.04.09 14:21:12 INFO  no build target found for C:\Users\Manou\Documents\Inge\INGE2\Docker\TP1_Docker\src\test\java\hello\hello\sayHelloTest.java. Using fallback presentation compiler.
2026.04.09 14:21:13 INFO  no build target found for C:\Users\Manou\Documents\Inge\INGE2\Docker\TP1_Docker\src\test\java\hello\hello\sayHelloTest.java. Using fallback presentation compiler.
2026.04.09 14:21:18 INFO  no build target found for C:\Users\Manou\Documents\Inge\INGE2\Docker\TP1_Docker\src\test\java\hello\hello\sayHelloTest.java. Using fallback presentation compiler.
2026.04.09 14:21:20 INFO  no build target found for C:\Users\Manou\Documents\Inge\INGE2\Docker\TP1_Docker\src\test\java\hello\hello\sayHelloTest.java. Using fallback presentation compiler.
2026.04.09 14:21:25 INFO  no build target found for C:\Users\Manou\Documents\Inge\INGE2\Docker\TP1_Docker\src\test\java\hello\hello\sayHelloTest.java. Using fallback presentation compiler.
2026.04.09 14:22:23 INFO  no build target found for C:\Users\Manou\Documents\Inge\INGE2\Docker\TP1_Docker\src\main\java\hello\hello\sayHello.java. Using fallback presentation compiler.
2026.04.09 14:22:28 INFO  no build target found for C:\Users\Manou\Documents\Inge\INGE2\Docker\TP1_Docker\src\main\java\hello\hello\sayHello.java. Using fallback presentation compiler.
2026.04.09 14:22:28 INFO  no build target found for C:\Users\Manou\Documents\Inge\INGE2\Docker\TP1_Docker\src\main\java\hello\hello\sayHello.java. Using fallback presentation compiler.
2026.04.09 14:22:28 INFO  Created report: Optional[file:///C:/Users/Manou/Documents/Inge/INGE2/Docker/TP1_Docker/src/main/java/hello/hello/sayHello.java]
2026.04.09 14:22:28 INFO  empty definition using pc, found symbol in pc: org/springframework/web/bind/annotation/RestController# (full report at: "C:\Users\Manou\Documents\Inge\INGE2\Docker\TP1_Docker\.metals\.reports\metals-full\2026-04-09\r_empty-definition_14-22-28-995.md")
2026.04.09 14:22:34 INFO  no build target found for C:\Users\Manou\Documents\Inge\INGE2\Docker\TP1_Docker\src\test\java\hello\hello\sayHelloTest.java. Using fallback presentation compiler.
2026.04.09 14:22:34 INFO  no build target found for C:\Users\Manou\Documents\Inge\INGE2\Docker\TP1_Docker\src\test\java\hello\hello\sayHelloTest.java. Using fallback presentation compiler.
2026.04.09 14:22:34 WARN  no build target for: C:\Users\Manou\Documents\Inge\INGE2\Docker\TP1_Docker\src\test\java\hello\hello\sayHelloTest.java
2026.04.09 14:22:34 WARN  Running javac-semanticdb failed for file:///C:/Users/Manou/Documents/Inge/INGE2/Docker/TP1_Docker/src/test/java/hello/hello/sayHelloTest.java. Output:

2026.04.09 14:22:34 INFO  no build target found for C:\Users\Manou\Documents\Inge\INGE2\Docker\TP1_Docker\src\test\java\hello\hello\sayHelloTest.java. Using fallback presentation compiler.
2026.04.09 14:22:34 INFO  no build target found for C:\Users\Manou\Documents\Inge\INGE2\Docker\TP1_Docker\src\test\java\hello\hello\sayHelloTest.java. Using fallback presentation compiler.
2026.04.09 14:22:34 INFO  Created report: Optional[file:///C:/Users/Manou/Documents/Inge/INGE2/Docker/TP1_Docker/src/test/java/hello/hello/sayHelloTest.java]
2026.04.09 14:22:34 INFO  QDox parse error in file:///C:/Users/Manou/Documents/Inge/INGE2/Docker/TP1_Docker/src/test/java/hello/hello/sayHelloTest.java (full report at: "C:\Users\Manou\Documents\Inge\INGE2\Docker\TP1_Docker\.metals\.reports\metals-full\2026-04-09\r_qdox-error_14-22-34-541.md")
2026.04.09 14:22:34 INFO  no build target found for C:\Users\Manou\Documents\Inge\INGE2\Docker\TP1_Docker\src\test\java\hello\hello\sayHelloTest.java. Using fallback presentation compiler.
2026.04.09 14:22:34 INFO  no build target found for C:\Users\Manou\Documents\Inge\INGE2\Docker\TP1_Docker\src\test\java\hello\hello\sayHelloTest.java. Using fallback presentation compiler.
2026.04.09 14:22:35 INFO  no build target found for C:\Users\Manou\Documents\Inge\INGE2\Docker\TP1_Docker\src\test\java\hello\hello\sayHelloTest.java. Using fallback presentation compiler.
2026.04.09 14:22:35 INFO  no build target found for C:\Users\Manou\Documents\Inge\INGE2\Docker\TP1_Docker\src\test\java\hello\hello\sayHelloTest.java. Using fallback presentation compiler.
2026.04.09 14:22:53 INFO  no build target found for C:\Users\Manou\Documents\Inge\INGE2\Docker\TP1_Docker\src\test\java\hello\hello\sayHelloTest.java. Using fallback presentation compiler.
2026.04.09 14:22:53 INFO  no build target found for C:\Users\Manou\Documents\Inge\INGE2\Docker\TP1_Docker\src\test\java\hello\hello\sayHelloTest.java. Using fallback presentation compiler.
2026.04.09 14:22:53 WARN  no build target for: C:\Users\Manou\Documents\Inge\INGE2\Docker\TP1_Docker\src\test\java\hello\hello\sayHelloTest.java
2026.04.09 14:22:53 INFO  no build target found for C:\Users\Manou\Documents\Inge\INGE2\Docker\TP1_Docker\src\test\java\hello\hello\sayHelloTest.java. Using fallback presentation compiler.
2026.04.09 14:22:53 INFO  no build target found for C:\Users\Manou\Documents\Inge\INGE2\Docker\TP1_Docker\src\test\java\hello\hello\sayHelloTest.java. Using fallback presentation compiler.
2026.04.09 14:22:54 INFO  no build target found for C:\Users\Manou\Documents\Inge\INGE2\Docker\TP1_Docker\src\test\java\hello\hello\sayHelloTest.java. Using fallback presentation compiler.
2026.04.09 14:22:59 INFO  no build target found for C:\Users\Manou\Documents\Inge\INGE2\Docker\TP1_Docker\src\main\java\hello\hello\sayHello.java. Using fallback presentation compiler.
2026.04.09 14:22:59 INFO  no build target found for C:\Users\Manou\Documents\Inge\INGE2\Docker\TP1_Docker\src\test\java\hello\hello\sayHelloTest.java. Using fallback presentation compiler.
2026.04.09 14:22:59 INFO  no build target found for C:\Users\Manou\Documents\Inge\INGE2\Docker\TP1_Docker\src\test\java\hello\hello\sayHelloTest.java. Using fallback presentation compiler.
2026.04.09 14:22:59 INFO  Created report: Optional[file:///C:/Users/Manou/Documents/Inge/INGE2/Docker/TP1_Docker/src/test/java/hello/hello/sayHelloTest.java]
2026.04.09 14:22:59 INFO  empty definition using pc, found symbol in pc: org/springframework/boot/test/autoconfigure/web/servlet/WebMvcTest# (full report at: "C:\Users\Manou\Documents\Inge\INGE2\Docker\TP1_Docker\.metals\.reports\metals-full\2026-04-09\r_empty-definition_14-22-59-634.md")
2026.04.09 14:22:59 INFO  Created report: Optional[file:///C:/Users/Manou/Documents/Inge/INGE2/Docker/TP1_Docker/src/test/java/hello/hello/sayHelloTest.java]
2026.04.09 14:22:59 INFO  empty definition using pc, found symbol in pc: org/springframework/test/web/servlet/MockMvc# (full report at: "C:\Users\Manou\Documents\Inge\INGE2\Docker\TP1_Docker\.metals\.reports\metals-full\2026-04-09\r_empty-definition_14-22-59-681.md")
2026.04.09 14:22:59 INFO  no build target found for C:\Users\Manou\Documents\Inge\INGE2\Docker\TP1_Docker\src\main\java\hello\hello\sayHello.java. Using fallback presentation compiler.
2026.04.09 14:22:59 INFO  no build target found for C:\Users\Manou\Documents\Inge\INGE2\Docker\TP1_Docker\src\test\java\hello\hello\sayHelloTest.java. Using fallback presentation compiler.
2026.04.09 14:23:00 INFO  empty definition using pc, found symbol in pc: org/springframework/test/web/servlet/MockMvc# (full report at: "C:\Users\Manou\Documents\Inge\INGE2\Docker\TP1_Docker\.metals\.reports\metals-full\2026-04-09\r_empty-definition_14-22-59-681.md")
2026.04.09 14:23:04 WARN  no build target for: C:\Users\Manou\Documents\Inge\INGE2\Docker\TP1_Docker\src\test\java\hello\hello\sayHelloTest.java
2026.04.09 14:23:04 INFO  no build target found for C:\Users\Manou\Documents\Inge\INGE2\Docker\TP1_Docker\src\test\java\hello\hello\sayHelloTest.java. Using fallback presentation compiler.
2026.04.09 14:23:05 INFO  no build target found for C:\Users\Manou\Documents\Inge\INGE2\Docker\TP1_Docker\src\test\java\hello\hello\sayHelloTest.java. Using fallback presentation compiler.
2026.04.09 14:23:05 INFO  no build target found for C:\Users\Manou\Documents\Inge\INGE2\Docker\TP1_Docker\src\test\java\hello\hello\sayHelloTest.java. Using fallback presentation compiler.
2026.04.09 14:23:08 INFO  no build target found for C:\Users\Manou\Documents\Inge\INGE2\Docker\TP1_Docker\src\test\java\hello\hello\sayHelloTest.java. Using fallback presentation compiler.
2026.04.09 14:23:08 INFO  no build target found for C:\Users\Manou\Documents\Inge\INGE2\Docker\TP1_Docker\src\test\java\hello\hello\sayHelloTest.java. Using fallback presentation compiler.
2026.04.09 14:23:11 INFO  no build target found for C:\Users\Manou\Documents\Inge\INGE2\Docker\TP1_Docker\src\test\java\hello\hello\sayHelloTest.java. Using fallback presentation compiler.
2026.04.09 14:23:11 INFO  no build target found for C:\Users\Manou\Documents\Inge\INGE2\Docker\TP1_Docker\src\test\java\hello\hello\sayHelloTest.java. Using fallback presentation compiler.
2026.04.09 14:23:12 INFO  no build target found for C:\Users\Manou\Documents\Inge\INGE2\Docker\TP1_Docker\src\test\java\hello\hello\sayHelloTest.java. Using fallback presentation compiler.
2026.04.09 14:23:12 INFO  no build target found for C:\Users\Manou\Documents\Inge\INGE2\Docker\TP1_Docker\src\test\java\hello\hello\sayHelloTest.java. Using fallback presentation compiler.
2026.04.09 14:23:12 INFO  no build target found for C:\Users\Manou\Documents\Inge\INGE2\Docker\TP1_Docker\src\test\java\hello\hello\sayHelloTest.java. Using fallback presentation compiler.
2026.04.09 14:23:12 INFO  no build target found for C:\Users\Manou\Documents\Inge\INGE2\Docker\TP1_Docker\src\test\java\hello\hello\sayHelloTest.java. Using fallback presentation compiler.
2026.04.09 14:23:57 INFO  no build target found for C:\Users\Manou\Documents\Inge\INGE2\Docker\TP1_Docker\src\test\java\hello\hello\HelloApplicationTests.java. Using fallback presentation compiler.
2026.04.09 14:23:58 INFO  no build target found for C:\Users\Manou\Documents\Inge\INGE2\Docker\TP1_Docker\src\test\java\hello\hello\sayHelloTest.java. Using fallback presentation compiler.
2026.04.09 14:24:08 INFO  no build target found for C:\Users\Manou\Documents\Inge\INGE2\Docker\TP1_Docker\src\test\java\hello\hello\sayHelloTest.java. Using fallback presentation compiler.
2026.04.09 14:24:08 INFO  no build target found for C:\Users\Manou\Documents\Inge\INGE2\Docker\TP1_Docker\src\test\java\hello\hello\sayHelloTest.java. Using fallback presentation compiler.
2026.04.09 14:24:08 WARN  no build target for: C:\Users\Manou\Documents\Inge\INGE2\Docker\TP1_Docker\src\test\java\hello\hello\sayHelloTest.java
2026.04.09 14:24:08 INFO  no build target found for C:\Users\Manou\Documents\Inge\INGE2\Docker\TP1_Docker\src\test\java\hello\hello\sayHelloTest.java. Using fallback presentation compiler.
2026.04.09 14:24:08 INFO  no build target found for C:\Users\Manou\Documents\Inge\INGE2\Docker\TP1_Docker\src\test\java\hello\hello\sayHelloTest.java. Using fallback presentation compiler.
2026.04.09 14:24:08 INFO  no build target found for C:\Users\Manou\Documents\Inge\INGE2\Docker\TP1_Docker\src\test\java\hello\hello\sayHelloTest.java. Using fallback presentation compiler.
2026.04.09 14:24:09 INFO  no build target found for C:\Users\Manou\Documents\Inge\INGE2\Docker\TP1_Docker\src\test\java\hello\hello\sayHelloTest.java. Using fallback presentation compiler.
2026.04.09 14:24:09 INFO  no build target found for C:\Users\Manou\Documents\Inge\INGE2\Docker\TP1_Docker\src\test\java\hello\hello\sayHelloTest.java. Using fallback presentation compiler.
2026.04.09 14:24:25 INFO  no build target found for C:\Users\Manou\Documents\Inge\INGE2\Docker\TP1_Docker\src\test\java\hello\hello\sayHelloTest.java. Using fallback presentation compiler.
2026.04.09 14:24:25 INFO  no build target found for C:\Users\Manou\Documents\Inge\INGE2\Docker\TP1_Docker\src\test\java\hello\hello\sayHelloTest.java. Using fallback presentation compiler.
2026.04.09 14:24:25 WARN  no build target for: C:\Users\Manou\Documents\Inge\INGE2\Docker\TP1_Docker\src\test\java\hello\hello\sayHelloTest.java
2026.04.09 14:24:25 INFO  no build target found for C:\Users\Manou\Documents\Inge\INGE2\Docker\TP1_Docker\src\test\java\hello\hello\sayHelloTest.java. Using fallback presentation compiler.
2026.04.09 14:24:25 INFO  no build target found for C:\Users\Manou\Documents\Inge\INGE2\Docker\TP1_Docker\src\test\java\hello\hello\sayHelloTest.java. Using fallback presentation compiler.
2026.04.09 14:24:26 INFO  no build target found for C:\Users\Manou\Documents\Inge\INGE2\Docker\TP1_Docker\src\test\java\hello\hello\sayHelloTest.java. Using fallback presentation compiler.
2026.04.09 14:24:38 INFO  no build target found for C:\Users\Manou\Documents\Inge\INGE2\Docker\TP1_Docker\src\test\java\hello\hello\sayHelloTest.java. Using fallback presentation compiler.
2026.04.09 14:24:55 INFO  no build target found for C:\Users\Manou\Documents\Inge\INGE2\Docker\TP1_Docker\src\test\java\hello\hello\sayHelloTest.java. Using fallback presentation compiler.
2026.04.09 14:24:57 WARN  no build target for: C:\Users\Manou\Documents\Inge\INGE2\Docker\TP1_Docker\src\test\java\hello\hello\sayHelloTest.java
2026.04.09 14:24:57 INFO  no build target found for C:\Users\Manou\Documents\Inge\INGE2\Docker\TP1_Docker\src\test\java\hello\hello\sayHelloTest.java. Using fallback presentation compiler.
2026.04.09 19:18:45 INFO  no build target found for C:\Users\Manou\Documents\Inge\INGE2\Docker\TP1_Docker\src\test\java\hello\hello\HelloApplicationTests.java. Using fallback presentation compiler.
2026.04.09 19:18:45 INFO  no build target found for C:\Users\Manou\Documents\Inge\INGE2\Docker\TP1_Docker\src\main\java\hello\hello\sayHello.java. Using fallback presentation compiler.
2026.04.09 19:18:45 INFO  no build target found for C:\Users\Manou\Documents\Inge\INGE2\Docker\TP1_Docker\src\main\java\hello\hello\HelloApplication.java. Using fallback presentation compiler.
2026.04.09 19:18:51 INFO  no build target found for C:\Users\Manou\Documents\Inge\INGE2\Docker\TP1_Docker\src\test\java\hello\hello\sayHelloTest.java. Using fallback presentation compiler.
2026.04.09 19:18:51 INFO  no build target found for C:\Users\Manou\Documents\Inge\INGE2\Docker\TP1_Docker\src\test\java\hello\hello\sayHelloTest.java. Using fallback presentation compiler.
2026.04.09 19:18:51 INFO  no build target found for C:\Users\Manou\Documents\Inge\INGE2\Docker\TP1_Docker\src\test\java\hello\hello\sayHelloTest.java. Using fallback presentation compiler.
avr. 09, 2026 7:18:52 PM org.eclipse.lsp4j.jsonrpc.RemoteEndpoint handleCancellation
WARNING: Unmatched cancel notification for request id 124
avr. 09, 2026 7:18:52 PM org.eclipse.lsp4j.jsonrpc.RemoteEndpoint handleCancellation
WARNING: Unmatched cancel notification for request id 125
2026.04.09 19:18:56 INFO  no build target found for C:\Users\Manou\Documents\Inge\INGE2\Docker\TP1_Docker\src\test\java\hello\hello\sayHelloTest.java. Using fallback presentation compiler.
2026.04.09 19:18:56 INFO  no build target found for C:\Users\Manou\Documents\Inge\INGE2\Docker\TP1_Docker\src\test\java\hello\hello\sayHelloTest.java. Using fallback presentation compiler.
2026.04.09 19:18:56 INFO  no build target found for C:\Users\Manou\Documents\Inge\INGE2\Docker\TP1_Docker\src\test\java\hello\hello\sayHelloTest.java. Using fallback presentation compiler.
avr. 09, 2026 7:18:56 PM org.eclipse.lsp4j.jsonrpc.RemoteEndpoint handleCancellation
WARNING: Unmatched cancel notification for request id 127
avr. 09, 2026 7:18:56 PM org.eclipse.lsp4j.jsonrpc.RemoteEndpoint handleCancellation
WARNING: Unmatched cancel notification for request id 128
2026.04.09 21:39:03 INFO  no build target found for C:\Users\Manou\Documents\Inge\INGE2\Docker\TP1_Docker\src\test\java\hello\hello\sayHelloTest.java. Using fallback presentation compiler.
2026.04.09 21:39:03 INFO  no build target found for C:\Users\Manou\Documents\Inge\INGE2\Docker\TP1_Docker\src\test\java\hello\hello\sayHelloTest.java. Using fallback presentation compiler.
2026.04.09 21:39:03 INFO  no build target found for C:\Users\Manou\Documents\Inge\INGE2\Docker\TP1_Docker\src\test\java\hello\hello\sayHelloTest.java. Using fallback presentation compiler.
avr. 09, 2026 9:39:03 PM org.eclipse.lsp4j.jsonrpc.RemoteEndpoint handleCancellation
WARNING: Unmatched cancel notification for request id 130
avr. 09, 2026 9:39:03 PM org.eclipse.lsp4j.jsonrpc.RemoteEndpoint handleCancellation
WARNING: Unmatched cancel notification for request id 131
2026.04.09 21:40:04 INFO  no build target found for C:\Users\Manou\Documents\Inge\INGE2\Docker\TP1_Docker\src\test\java\hello\hello\sayHelloTest.java. Using fallback presentation compiler.
2026.04.09 21:40:04 INFO  no build target found for C:\Users\Manou\Documents\Inge\INGE2\Docker\TP1_Docker\src\test\java\hello\hello\sayHelloTest.java. Using fallback presentation compiler.
avr. 09, 2026 9:40:04 PM org.eclipse.lsp4j.jsonrpc.RemoteEndpoint handleCancellation
WARNING: Unmatched cancel notification for request id 133
avr. 09, 2026 9:40:04 PM org.eclipse.lsp4j.jsonrpc.RemoteEndpoint handleCancellation
WARNING: Unmatched cancel notification for request id 134
2026.04.09 21:40:04 INFO  no build target found for C:\Users\Manou\Documents\Inge\INGE2\Docker\TP1_Docker\src\test\java\hello\hello\sayHelloTest.java. Using fallback presentation compiler.
